<?xml version="1.0" encoding="UTF-8"?>
<!-- Generated by org.testng.reporters.JUnitXMLReporter -->
<testsuite ignored="0" hostname="DESKTOP-RV6F1IE" failures="1" tests="2" name="Test" time="13.422" errors="0" timestamp="2022-12-08T23:03:06 IST">
  <testcase classname="purushotham.tests.Shopping" name="clientApp" time="4.455"/>
  <testcase classname="purushotham.tests.Shopping" name="verifyTheOrder" time="0.724">
    <failure type="java.lang.AssertionError" message="expected [true] but found [false]">
      <![CDATA[java.lang.AssertionError: expected [true] but found [false]
at purushotham.tests.Shopping.verifyTheOrder(Shopping.java:39)
at java.base/java.util.ArrayList.forEach(ArrayList.java:1511)
at java.base/java.util.concurrent.FutureTask.run(FutureTask.java:264)
at java.base/java.util.concurrent.ThreadPoolExecutor.runWorker(ThreadPoolExecutor.java:1136)
at java.base/java.util.concurrent.ThreadPoolExecutor$Worker.run(ThreadPoolExecutor.java:635)
at java.base/java.lang.Thread.run(Thread.java:833)
... Removed 21 stack frames]]>
    </failure>
  </testcase> <!-- verifyTheOrder -->
</testsuite> <!-- Test -->
