<?xml version="1.0" encoding="UTF-8"?>
<testng-results retried="1" ignored="0" total="5" passed="3" failed="1" skipped="0">
  <reporter-output>
  </reporter-output>
  <suite started-at="2022-12-10T03:50:17 IST" name="Suite" finished-at="2022-12-10T03:50:40 IST" duration-ms="22975">
    <groups>
    </groups>
    <test started-at="2022-12-10T03:50:17 IST" name="Shopping Test" finished-at="2022-12-10T03:50:40 IST" duration-ms="22975">
      <class name="purushotham.tests.HashMapTest">
        <test-method is-config="true" signature="launchApplication()[pri:0, instance:purushotham.tests.HashMapTest@49c90a9c]" started-at="2022-12-10T03:50:17 IST" name="launchApplication" finished-at="2022-12-10T03:50:22 IST" duration-ms="5111" status="PASS">
          <reporter-output>
          </reporter-output>
        </test-method> <!-- launchApplication -->
        <test-method signature="HashMapOrder(java.util.HashMap)[pri:0, instance:purushotham.tests.HashMapTest@49c90a9c]" started-at="2022-12-10T03:50:22 IST" name="HashMapOrder" data-provider="getDataFromHashMap" finished-at="2022-12-10T03:50:27 IST" duration-ms="5418" status="PASS">
          <params>
            <param index="0">
              <value>
                <![CDATA[{country=india, password=Puru@12345, product=ADIDAS ORIGINAL, email=purushothamtest@gmail.com}]]>
              </value>
            </param>
          </params>
          <reporter-output>
          </reporter-output>
        </test-method> <!-- HashMapOrder -->
        <test-method is-config="true" signature="closeBrowser()[pri:0, instance:purushotham.tests.HashMapTest@49c90a9c]" started-at="2022-12-10T03:50:27 IST" name="closeBrowser" finished-at="2022-12-10T03:50:28 IST" duration-ms="421" status="PASS">
          <reporter-output>
          </reporter-output>
        </test-method> <!-- closeBrowser -->
        <test-method is-config="true" signature="launchApplication()[pri:0, instance:purushotham.tests.HashMapTest@49c90a9c]" started-at="2022-12-10T03:50:28 IST" name="launchApplication" finished-at="2022-12-10T03:50:33 IST" duration-ms="5059" status="PASS">
          <reporter-output>
          </reporter-output>
        </test-method> <!-- launchApplication -->
        <test-method signature="HashMapOrder(java.util.HashMap)[pri:0, instance:purushotham.tests.HashMapTest@49c90a9c]" started-at="2022-12-10T03:50:33 IST" name="HashMapOrder" data-provider="getDataFromHashMap" finished-at="2022-12-10T03:50:38 IST" duration-ms="5233" status="PASS">
          <params>
            <param index="0">
              <value>
                <![CDATA[{country=india, password=Puru@12345, product=ZARA COAT 3, email=purushothamtest@gmail.com}]]>
              </value>
            </param>
          </params>
          <reporter-output>
          </reporter-output>
        </test-method> <!-- HashMapOrder -->
        <test-method is-config="true" signature="closeBrowser()[pri:0, instance:purushotham.tests.HashMapTest@49c90a9c]" started-at="2022-12-10T03:50:38 IST" name="closeBrowser" finished-at="2022-12-10T03:50:38 IST" duration-ms="392" status="PASS">
          <reporter-output>
          </reporter-output>
        </test-method> <!-- closeBrowser -->
      </class> <!-- purushotham.tests.HashMapTest -->
      <class name="purushotham.tests.Shopping">
        <test-method is-config="true" signature="launchApplication()[pri:0, instance:purushotham.tests.Shopping@5276d6ee]" started-at="2022-12-10T03:50:17 IST" name="launchApplication" finished-at="2022-12-10T03:50:22 IST" duration-ms="5760" status="PASS">
          <reporter-output>
          </reporter-output>
        </test-method> <!-- launchApplication -->
        <test-method signature="clientApp()[pri:0, instance:purushotham.tests.Shopping@5276d6ee]" started-at="2022-12-10T03:50:22 IST" name="clientApp" finished-at="2022-12-10T03:50:28 IST" duration-ms="5069" status="PASS">
          <reporter-output>
          </reporter-output>
        </test-method> <!-- clientApp -->
        <test-method is-config="true" signature="closeBrowser()[pri:0, instance:purushotham.tests.Shopping@5276d6ee]" started-at="2022-12-10T03:50:28 IST" name="closeBrowser" finished-at="2022-12-10T03:50:28 IST" duration-ms="435" status="PASS">
          <reporter-output>
          </reporter-output>
        </test-method> <!-- closeBrowser -->
        <test-method is-config="true" signature="launchApplication()[pri:0, instance:purushotham.tests.Shopping@5276d6ee]" started-at="2022-12-10T03:50:28 IST" name="launchApplication" finished-at="2022-12-10T03:50:33 IST" duration-ms="4580" status="PASS">
          <reporter-output>
          </reporter-output>
        </test-method> <!-- launchApplication -->
        <test-method retried="true" signature="verifyTheOrder()[pri:0, instance:purushotham.tests.Shopping@5276d6ee]" started-at="2022-12-10T03:50:33 IST" name="verifyTheOrder" finished-at="2022-12-10T03:50:34 IST" depends-on-methods="purushotham.tests.Shopping.clientApp" duration-ms="950" status="SKIP">
          <exception class="java.lang.AssertionError">
            <message>
              <![CDATA[expected [true] but found [false]]]>
            </message>
            <full-stacktrace>
              <![CDATA[java.lang.AssertionError: expected [true] but found [false]
at org.testng.Assert.fail(Assert.java:110)
at org.testng.Assert.failNotEquals(Assert.java:1413)
at org.testng.Assert.assertTrue(Assert.java:56)
at org.testng.Assert.assertTrue(Assert.java:66)
at purushotham.tests.Shopping.verifyTheOrder(Shopping.java:37)
at java.base/jdk.internal.reflect.NativeMethodAccessorImpl.invoke0(Native Method)
at java.base/jdk.internal.reflect.NativeMethodAccessorImpl.invoke(NativeMethodAccessorImpl.java:77)
at java.base/jdk.internal.reflect.DelegatingMethodAccessorImpl.invoke(DelegatingMethodAccessorImpl.java:43)
at java.base/java.lang.reflect.Method.invoke(Method.java:568)
at org.testng.internal.invokers.MethodInvocationHelper.invokeMethod(MethodInvocationHelper.java:139)
at org.testng.internal.invokers.TestInvoker.invokeMethod(TestInvoker.java:677)
at org.testng.internal.invokers.TestInvoker.invokeTestMethod(TestInvoker.java:221)
at org.testng.internal.invokers.MethodRunner.runInSequence(MethodRunner.java:50)
at org.testng.internal.invokers.TestInvoker$MethodInvocationAgent.invoke(TestInvoker.java:962)
at org.testng.internal.invokers.TestInvoker.invokeTestMethods(TestInvoker.java:194)
at org.testng.internal.invokers.TestMethodWorker.invokeTestMethods(TestMethodWorker.java:148)
at org.testng.internal.invokers.TestMethodWorker.run(TestMethodWorker.java:128)
at java.base/java.util.concurrent.ThreadPoolExecutor.runWorker(ThreadPoolExecutor.java:1136)
at java.base/java.util.concurrent.ThreadPoolExecutor$Worker.run(ThreadPoolExecutor.java:635)
at java.base/java.lang.Thread.run(Thread.java:833)
]]>
            </full-stacktrace>
          </exception> <!-- java.lang.AssertionError -->
          <reporter-output>
          </reporter-output>
        </test-method> <!-- verifyTheOrder -->
        <test-method is-config="true" signature="closeBrowser()[pri:0, instance:purushotham.tests.Shopping@5276d6ee]" started-at="2022-12-10T03:50:34 IST" name="closeBrowser" finished-at="2022-12-10T03:50:34 IST" duration-ms="493" status="PASS">
          <reporter-output>
          </reporter-output>
        </test-method> <!-- closeBrowser -->
        <test-method is-config="true" signature="launchApplication()[pri:0, instance:purushotham.tests.Shopping@5276d6ee]" started-at="2022-12-10T03:50:34 IST" name="launchApplication" finished-at="2022-12-10T03:50:38 IST" duration-ms="4333" status="PASS">
          <reporter-output>
          </reporter-output>
        </test-method> <!-- launchApplication -->
        <test-method signature="verifyTheOrder()[pri:0, instance:purushotham.tests.Shopping@5276d6ee]" started-at="2022-12-10T03:50:38 IST" name="verifyTheOrder" finished-at="2022-12-10T03:50:39 IST" depends-on-methods="purushotham.tests.Shopping.clientApp" duration-ms="699" status="FAIL">
          <exception class="java.lang.AssertionError">
            <message>
              <![CDATA[expected [true] but found [false]]]>
            </message>
            <full-stacktrace>
              <![CDATA[java.lang.AssertionError: expected [true] but found [false]
at org.testng.Assert.fail(Assert.java:110)
at org.testng.Assert.failNotEquals(Assert.java:1413)
at org.testng.Assert.assertTrue(Assert.java:56)
at org.testng.Assert.assertTrue(Assert.java:66)
at purushotham.tests.Shopping.verifyTheOrder(Shopping.java:37)
at java.base/jdk.internal.reflect.NativeMethodAccessorImpl.invoke0(Native Method)
at java.base/jdk.internal.reflect.NativeMethodAccessorImpl.invoke(NativeMethodAccessorImpl.java:77)
at java.base/jdk.internal.reflect.DelegatingMethodAccessorImpl.invoke(DelegatingMethodAccessorImpl.java:43)
at java.base/java.lang.reflect.Method.invoke(Method.java:568)
at org.testng.internal.invokers.MethodInvocationHelper.invokeMethod(MethodInvocationHelper.java:139)
at org.testng.internal.invokers.TestInvoker.invokeMethod(TestInvoker.java:677)
at org.testng.internal.invokers.TestInvoker.retryFailed(TestInvoker.java:263)
at org.testng.internal.invokers.MethodRunner.runInSequence(MethodRunner.java:62)
at org.testng.internal.invokers.TestInvoker$MethodInvocationAgent.invoke(TestInvoker.java:962)
at org.testng.internal.invokers.TestInvoker.invokeTestMethods(TestInvoker.java:194)
at org.testng.internal.invokers.TestMethodWorker.invokeTestMethods(TestMethodWorker.java:148)
at org.testng.internal.invokers.TestMethodWorker.run(TestMethodWorker.java:128)
at java.base/java.util.concurrent.ThreadPoolExecutor.runWorker(ThreadPoolExecutor.java:1136)
at java.base/java.util.concurrent.ThreadPoolExecutor$Worker.run(ThreadPoolExecutor.java:635)
at java.base/java.lang.Thread.run(Thread.java:833)
]]>
            </full-stacktrace>
          </exception> <!-- java.lang.AssertionError -->
          <reporter-output>
          </reporter-output>
        </test-method> <!-- verifyTheOrder -->
        <test-method is-config="true" signature="closeBrowser()[pri:0, instance:purushotham.tests.Shopping@5276d6ee]" started-at="2022-12-10T03:50:39 IST" name="closeBrowser" finished-at="2022-12-10T03:50:40 IST" duration-ms="344" status="PASS">
          <reporter-output>
          </reporter-output>
        </test-method> <!-- closeBrowser -->
      </class> <!-- purushotham.tests.Shopping -->
    </test> <!-- Shopping Test -->
  </suite> <!-- Suite -->
</testng-results>
